<?xml version="1.0" encoding="UTF-8"?>
<testsuite name="org.example.MainTest" tests="5" skipped="0" failures="0" errors="0" timestamp="2023-03-11T10:04:27" hostname="CAOLEI-BOOK" time="0.02">
  <properties/>
  <testcase name="涓嶇瓑杈逛笁瑙掑舰" classname="org.example.MainTest" time="0.015"/>
  <testcase name="杈撳叆閿欒" classname="org.example.MainTest" time="0.0"/>
  <testcase name="绛夎叞涓夎褰�" classname="org.example.MainTest" time="0.0"/>
  <testcase name="绛夎竟涓夎褰�" classname="org.example.MainTest" time="0.001"/>
  <testcase name="闈炰笁瑙掑舰" classname="org.example.MainTest" time="0.001"/>
  <system-out><![CDATA[]]></system-out>
  <system-err><![CDATA[]]></system-err>
</testsuite>
